set ucliGUI::state
set ucliGUI::state
ucliCore::getToolPID
synopsys::env hasTB
trigger_hier_stack_context_switch 0
synUtils::setDVEInitPhase 1
synopsys::dump -type VPD -file /home/eda/feifan/vlc_plat/PAM/recons_Senter_Receiver/Senter/sim/inter.vpd -locking
synopsys::dump -autoflush on -fid VPD0
set ::dve_fid VPD0
synUtils::setDVEInitPhase 0
ucliCore::getToolPID
synUtils::sendTool -active _icl_setToolSocket /tmp/smlnpE2AZs2
synUtils::sendTool -active {_icl_start_rpc -version "O-2018.09-SP2_Full64" -sync_file /tmp/vcs_dve_rpc.eda.20306}
synUtils::sendTool -active {_icl_createSharedMemory /tmp/vcs_dve_general.eda.20306}
config endofsim noexit
config onfail enable all
config syscaddplainmembers
config syscaddsourcenames
config syscaddstructtypes
synopsys::listing -disable
synopsys::dump -add {tb_senter.ADDR_MEM_WIDTH tb_senter.AD_CVER_WIDTH tb_senter.DATA_WIDTH tb_senter.MEM_ADDR_WIDTH tb_senter.M_AXIS_tdata tb_senter.M_AXIS_tkeep tb_senter.M_AXIS_tlast tb_senter.M_AXIS_tready tb_senter.M_AXIS_tvalid tb_senter.PAM_ORDER tb_senter.arst_n tb_senter.clk tb_senter.sent_data } -aggregates  -fid VPD0
synopsys::run -relative 1000000.000000ps
set ucliGUI::state
set ucliGUI::state
set ucliGUI::state
set ucliGUI::state
set ucliGUI::state
ucliGUI::getSignalValues -scope tb_senter -radix {hexadecimal } -list {{sent_data[11:0]} }
ucliGUI::getSignalValues -scope tb_senter -radix {decimal } -list {{sent_data[11:0]} }
if [catch {gui_sim_terminate}] {gui_sim_terminate -kill}
synopsys::finish
set ucliGUI::state
set ucliGUI::state
ucli_exit
