14:46:47    16 -->                                                             [tcl] ucliGUI::connect -toolargs -ucligui -toolexe ./simv -pid 25795 -toolin /tmp/vcs_20201223064645_25794_eda..stdin -toolout /tmp/vcs_20201223064645_25794_eda..stdout  
14:46:47    17 -->                                                                 [tcl] set ucliGUI::state
14:46:47    18 -->                                                                     [tcl] gui_update_simulator_buttons
14:46:48    19 -->                                                                         [tcl] set ucliGUI::state
14:46:48    20 -->                                                                             [tcl] ucliCore::getToolPID
14:46:48    21 -->                                                                                 [tcl] synopsys::env hasTB
14:46:48    22 -->                                                                                     [tcl] trigger_hier_stack_context_switch 0
14:46:48    23 -->                                                                                         [tcl] synUtils::setDVEInitPhase 1
14:46:48    24 -->                                                                                             [tcl] gui_get_env SIMSETUP::SIMVPD
14:46:48    25 --> ...  [tcl] synopsys::dump -type VPD -file /home/eda/feifan/vlc_plat/PAM/Senter_Receiver_pilot/sim/inter.vpd -locking
14:46:48    26 --> ...      [tcl] synopsys::dump -autoflush on -fid VPD0
14:46:48    27 --> ...          [tcl] set ::dve_fid VPD0
14:46:48    28 --> ...              [tcl] synUtils::setDVEInitPhase 0
14:46:48    29 --> ...                  [tcl] ucliCore::getToolPID
14:46:48    30 --> ...                      [tcl] synUtils::sendTool -active _icl_setToolSocket /tmp/smlnpqJXNyI
14:46:48    31 --> ...                          [tcl] synUtils::sendTool -active {_icl_start_rpc -version "O-2018.09-SP2_Full64" -sync_file /tmp/vcs_dve_rpc.eda.25795}
14:46:48    32 --> ...                              [tcl] synUtils::sendTool -active {_icl_createSharedMemory /tmp/vcs_dve_general.eda.25795}
14:46:48    33 --> ...                                  [tcl] dveMisc::vbusExpand tb_senter_receiver
14:46:48    34 --> ...                                      [tcl] config endofsim noexit
14:46:48    35 --> ...                                          [tcl] config onfail enable all
14:46:48    36 --> ...                                              [tcl] config syscaddplainmembers
14:46:48    37 --> ...                                                  [tcl] config syscaddsourcenames
14:46:48    38 --> ...                                                      [tcl] config syscaddstructtypes
14:46:48    39 --> ...                                                          [tcl] synopsys::listing -disable
14:46:56    40 --> ...                                                              [tcl] dveMisc::vbusExpand tb_senter_receiver.uut_receiver
14:46:58    41 --> ...                                                                  [tcl] dveMisc::vbusExpand tb_senter_receiver.uut_receiver.uut_demodulation
14:47:00    42 --> ...                                                                      [tcl] synopsys::dump -add {tb_senter_receiver.uut_receiver.uut_demodulation} -scope "." -depth 1 -fid VPD0
14:47:00    43 --> ...                                                                          [tcl] synopsys::dump -add {tb_senter_receiver.uut_receiver.uut_demodulation.threshold_mem } -aggregates  -fid VPD0
14:47:06    44 --> ...                                                                              [tcl] synopsys::run -relative 1000000.000000ps
14:47:06    45 --> ...                                                                                  [tcl] set ucliGUI::state
14:47:06    46 --> ...                                                                                      [tcl] gui_update_simulator_buttons
14:47:06    47 --> ...                                                                                          [tcl] set ucliGUI::state
14:47:06    48 --> ...                                                                                              [tcl] set ucliGUI::state
14:47:06    49 --> ...                                                                                                  [tcl] set ucliGUI::state
14:47:06    50 --> ...  [tcl] set ucliGUI::state
14:47:06    51 --> ...      [tcl] catch {senv activeDomain} dveMisc::result 
14:47:06    52 --> ...          [tcl] set dveMisc::result
14:47:06    53 --> ...              [tcl] gui_update_simulator_buttons
14:48:44    54 --> ...                  [tcl] ucliGUI::getSignalValues -scope tb_senter_receiver.uut_receiver.uut_demodulation -radix {hexadecimal } -list {{cur_state[2:0]} }
14:54:24    55 --> ...                      [tcl] if [catch {gui_sim_terminate}] {gui_sim_terminate -kill}
14:54:24    56 --> ...                          [tcl] synopsys::finish
14:54:24    57 --> ...                              [tcl] set ucliGUI::state
14:54:24    58 --> ...                                  [tcl] gui_update_simulator_buttons
14:54:24    59 --> ...                                      [tcl] set ucliGUI::state
14:54:24    60 --> ...                                          [tcl] catch {senv activeDomain} dveMisc::result 
14:54:24    61 --> ...                                              [tcl] set dveMisc::result
14:54:24    62 --> ...                                                  [tcl] gui_update_simulator_buttons
14:54:24    63 --> ...                                                      [tcl] catch {senv activeDomain} dveMisc::result 
14:54:24    64 --> ...                                                          [tcl] set dveMisc::result
14:54:24    65 --> ...                                                              [tcl] ucli_exit
