# Preference setting overrides
gui_create_pref_key -category {Globals} -key {load_detail_for_funcov} -value_type {bool} -value {false}

# State setting overrides
gui_state_default_create -off -ini
gui_set_state_value -category Globals -key recent_sessions -value {{gui_load_session -ignore_errors -file /home/eda/feifan/vlc_plat/PAM/Senter/sim/DVEfiles/dve_checkpoint_20354_2.tcl} {gui_load_session -ignore_errors -file /home/eda/feifan/vlc_plat/PAM/Senter/sim/DVEfiles/dve_checkpoint_20354_1.tcl} {gui_load_session -ignore_errors -file /home/eda/feifan/vlc_plat/PAM/Senter/Bit_Align/sim/DVEfiles/dve_checkpoint_29842_1.tcl}}
gui_set_state_value -category Layout -key child_assertion_size_x -value 1916
gui_set_state_value -category Layout -key child_assertion_size_y -value 149
gui_set_state_value -category Layout -key child_console_size_x -value 1570
gui_set_state_value -category Layout -key child_console_size_y -value 178
gui_set_state_value -category Layout -key child_data_coltype -value 56
gui_set_state_value -category Layout -key child_data_colvalue -value 13
gui_set_state_value -category Layout -key child_data_colvariable -value 314
gui_set_state_value -category Layout -key child_data_size_x -value 190
gui_set_state_value -category Layout -key child_data_size_y -value 498
gui_set_state_value -category Layout -key child_driver_size_x -value 1481
gui_set_state_value -category Layout -key child_driver_size_y -value 244
gui_set_state_value -category Layout -key child_hier_col3 -value {-1}
gui_set_state_value -category Layout -key child_hier_colhier -value 491
gui_set_state_value -category Layout -key child_hier_colpd -value 0
gui_set_state_value -category Layout -key child_hier_coltype -value 111
gui_set_state_value -category Layout -key child_hier_size_x -value 408
gui_set_state_value -category Layout -key child_hier_size_y -value 498
gui_set_state_value -category Layout -key child_hier_sort_order -value 1
gui_set_state_value -category Layout -key child_source_docknewline -value false
gui_set_state_value -category Layout -key child_source_showstate -value normal
gui_set_state_value -category Layout -key child_source_size_x -value 201
gui_set_state_value -category Layout -key child_source_size_y -value 337
gui_set_state_value -category Layout -key child_wave_colname -value 226
gui_set_state_value -category Layout -key child_wave_colvalue -value 226
gui_set_state_value -category Layout -key child_wave_left -value 457
gui_set_state_value -category Layout -key child_wave_right -value 1113
gui_set_state_value -category Layout -key main_pos_x -value 98
gui_set_state_value -category Layout -key main_pos_y -value 78
gui_set_state_value -category Layout -key main_size_x -value 1668
gui_set_state_value -category Layout -key main_size_y -value 861
gui_set_state_value -category Layout -key stand_wave_child_docknewline -value false
gui_set_state_value -category Layout -key stand_wave_child_pos_x -value {-2}
gui_set_state_value -category Layout -key stand_wave_child_pos_y -value {-15}
gui_set_state_value -category Layout -key stand_wave_child_size_x -value 1580
gui_set_state_value -category Layout -key stand_wave_child_size_y -value 674
gui_set_state_value -category Layout -key stand_wave_top_pos_x -value 107
gui_set_state_value -category Layout -key stand_wave_top_pos_y -value 88
gui_set_state_value -category Layout -key stand_wave_top_size_x -value 1682
gui_set_state_value -category Layout -key stand_wave_top_size_y -value 874
gui_create_state_key -category FindDialog -key m_pMatchCase -value_type bool -value false
gui_create_state_key -category FindDialog -key m_pMatchWord -value_type bool -value false
gui_create_state_key -category FindDialog -key m_pUseCombo -value_type string -value {}
gui_create_state_key -category FindDialog -key m_pWrapAround -value_type bool -value true
gui_create_state_key -category Widget_History -key TopLevel.2|EkTopVbox|wndWorkspace|qt_workspacechild2|Wave.1|left|filterVBox|controlHBox|unnamed -value_type string -value {*add_raddr *ram_raddr {*mst_exec_state == INIT_READ}}
gui_create_state_key -category Widget_History -key {dlgSimSetup|m_setupTab|tab pages|BuildTab|m_rebuildBtnGroup|m_customCmdCombo} -value_type string -value {{-sverilog} sverilog}
gui_create_state_key -category Widget_History -key {dlgSimSetup|m_setupTab|tab pages|SimTab|m_VPDCombo} -value_type string -value inter.vpd
gui_create_state_key -category Widget_History -key {dlgSimSetup|m_setupTab|tab pages|SimTab|m_argsCombo} -value_type string -value {{-ucligui } {-nc -licqueue -a simulate.log -do tb_top_dma_simulate.do} {-ucligui -nc -licqueue -l simulate.log -do tb_top_dma_simulate.do} {-nc -licqueue -a simulate.log -do tb_top_avalon_simulate.do}}
gui_create_state_key -category Widget_History -key {dlgSimSetup|m_setupTab|tab pages|SimTab|m_curDirCombo} -value_type string -value {/home/eda/feifan/small_cir/div/sim /home/eda/feifan/small_cir/div_pipeline/sim /home/eda/feifan/vlc_plat/PAM/Senter_Receiver/sim /home/eda/feifan/vlc_plat/PAM/Senter/sim /home/eda/feifan/vlc_plat/PAM/Receiver/synchronization/senter_syn/sim}
gui_create_state_key -category Widget_History -key {dlgSimSetup|m_setupTab|tab pages|SimTab|m_exeCombo} -value_type string -value {./simv /home/eda/feifan/small_cir/div_pipeline/sim/simv ./tb_top_dma_simv /home/eda/vivado_prj/axi_dma_trans/axi_dma_ram.sim/sim_1/behav/vcs/tb_top_dma_simv ./tb_top_avalon_simv}
gui_state_default_create -off

# Begin command logging
gui_sim_run Ucli -exe ./simv -args {-ucligui  } -dir .
gui_list_expand -id  Hier.1   tb_senter_receiver
gui_list_select -id Hier.1 -current_item_name tb_senter_receiver.uut_receiver -current_item_type Scope  -selected  { tb_senter_receiver.uut_receiver   }
gui_list_expand -id  Hier.1   tb_senter_receiver.uut_receiver
gui_list_select -id Hier.1 -current_item_name tb_senter_receiver.uut_receiver.uut_demodulation -current_item_type Scope  -selected  { tb_senter_receiver.uut_receiver.uut_demodulation   }
gui_open_window Wave
gui_list_add -id Wave.1 -from Hier.1 { tb_senter_receiver.uut_receiver.uut_demodulation } -insertionbar
gui_sim_continue 1000000 
gui_zoom -window Wave.1 -full
gui_list_select -id Wave.1 -selected  { {tb_senter_receiver.uut_receiver.uut_demodulation.pam_data_0[3:0]}   }
gui_list_select -id Wave.1 -selected  { {tb_senter_receiver.uut_receiver.uut_demodulation.pam_data_0[3:0]}  {tb_senter_receiver.uut_receiver.uut_demodulation.pam_data_1[3:0]}   }
gui_list_select -id Wave.1 -selected  { {tb_senter_receiver.uut_receiver.uut_demodulation.pam_data_0[3:0]}  {tb_senter_receiver.uut_receiver.uut_demodulation.pam_data_1[3:0]}  {tb_senter_receiver.uut_receiver.uut_demodulation.pam_data_2[3:0]}   }
gui_list_select -id Wave.1 -selected  { {tb_senter_receiver.uut_receiver.uut_demodulation.pam_data_0[3:0]}  {tb_senter_receiver.uut_receiver.uut_demodulation.pam_data_1[3:0]}  {tb_senter_receiver.uut_receiver.uut_demodulation.pam_data_2[3:0]}  {tb_senter_receiver.uut_receiver.uut_demodulation.pam_data_3[3:0]}   }
gui_list_select -id Wave.1 -selected  { {tb_senter_receiver.uut_receiver.uut_demodulation.pam_data_0[3:0]}  {tb_senter_receiver.uut_receiver.uut_demodulation.pam_data_1[3:0]}  {tb_senter_receiver.uut_receiver.uut_demodulation.pam_data_2[3:0]}  {tb_senter_receiver.uut_receiver.uut_demodulation.pam_data_3[3:0]}  {tb_senter_receiver.uut_receiver.uut_demodulation.pam_data_4[3:0]}   }
gui_list_select -id Wave.1 -selected  { {tb_senter_receiver.uut_receiver.uut_demodulation.pam_data_0[3:0]}  {tb_senter_receiver.uut_receiver.uut_demodulation.pam_data_1[3:0]}  {tb_senter_receiver.uut_receiver.uut_demodulation.pam_data_2[3:0]}  {tb_senter_receiver.uut_receiver.uut_demodulation.pam_data_3[3:0]}  {tb_senter_receiver.uut_receiver.uut_demodulation.pam_data_4[3:0]}  {tb_senter_receiver.uut_receiver.uut_demodulation.m_axi_tdata[31:0]}   }
gui_list_select -id Wave.1 -selected  { {tb_senter_receiver.uut_receiver.uut_demodulation.pam_data_0[3:0]}  {tb_senter_receiver.uut_receiver.uut_demodulation.pam_data_1[3:0]}  {tb_senter_receiver.uut_receiver.uut_demodulation.pam_data_2[3:0]}  {tb_senter_receiver.uut_receiver.uut_demodulation.pam_data_3[3:0]}  {tb_senter_receiver.uut_receiver.uut_demodulation.pam_data_4[3:0]}  {tb_senter_receiver.uut_receiver.uut_demodulation.m_axi_tdata[31:0]}  {tb_senter_receiver.uut_receiver.uut_demodulation.pam_data_5[3:0]}   }
gui_list_select -id Wave.1 -selected  { {tb_senter_receiver.uut_receiver.uut_demodulation.pam_data_0[3:0]}  {tb_senter_receiver.uut_receiver.uut_demodulation.pam_data_1[3:0]}  {tb_senter_receiver.uut_receiver.uut_demodulation.pam_data_2[3:0]}  {tb_senter_receiver.uut_receiver.uut_demodulation.pam_data_3[3:0]}  {tb_senter_receiver.uut_receiver.uut_demodulation.pam_data_4[3:0]}  {tb_senter_receiver.uut_receiver.uut_demodulation.pam_data_5[3:0]}   }
gui_list_select -id Wave.1 -selected  { {tb_senter_receiver.uut_receiver.uut_demodulation.pam_data_0[3:0]}  {tb_senter_receiver.uut_receiver.uut_demodulation.pam_data_1[3:0]}  {tb_senter_receiver.uut_receiver.uut_demodulation.pam_data_2[3:0]}  {tb_senter_receiver.uut_receiver.uut_demodulation.pam_data_3[3:0]}  {tb_senter_receiver.uut_receiver.uut_demodulation.pam_data_4[3:0]}  {tb_senter_receiver.uut_receiver.uut_demodulation.pam_data_5[3:0]}  {tb_senter_receiver.uut_receiver.uut_demodulation.pam_data_6[3:0]}   }
gui_list_select -id Wave.1 -selected  { {tb_senter_receiver.uut_receiver.uut_demodulation.pam_data_0[3:0]}  {tb_senter_receiver.uut_receiver.uut_demodulation.pam_data_1[3:0]}  {tb_senter_receiver.uut_receiver.uut_demodulation.pam_data_2[3:0]}  {tb_senter_receiver.uut_receiver.uut_demodulation.pam_data_3[3:0]}  {tb_senter_receiver.uut_receiver.uut_demodulation.pam_data_4[3:0]}  {tb_senter_receiver.uut_receiver.uut_demodulation.pam_data_5[3:0]}  {tb_senter_receiver.uut_receiver.uut_demodulation.pam_data_6[3:0]}  {tb_senter_receiver.uut_receiver.uut_demodulation.pam_data_7[3:0]}   }
gui_list_select -id Wave.1 -selected  { {tb_senter_receiver.uut_receiver.uut_demodulation.pam_data_0[3:0]}  {tb_senter_receiver.uut_receiver.uut_demodulation.pam_data_1[3:0]}  {tb_senter_receiver.uut_receiver.uut_demodulation.pam_data_2[3:0]}  {tb_senter_receiver.uut_receiver.uut_demodulation.pam_data_3[3:0]}  {tb_senter_receiver.uut_receiver.uut_demodulation.pam_data_4[3:0]}  {tb_senter_receiver.uut_receiver.uut_demodulation.pam_data_5[3:0]}  {tb_senter_receiver.uut_receiver.uut_demodulation.pam_data_6[3:0]}  {tb_senter_receiver.uut_receiver.uut_demodulation.pam_data_7[3:0]}  tb_senter_receiver.uut_receiver.uut_demodulation.cmp_result_10   }
gui_list_select -id Wave.1 -selected  { {tb_senter_receiver.uut_receiver.uut_demodulation.pam_data_0[3:0]}  {tb_senter_receiver.uut_receiver.uut_demodulation.pam_data_1[3:0]}  {tb_senter_receiver.uut_receiver.uut_demodulation.pam_data_2[3:0]}  {tb_senter_receiver.uut_receiver.uut_demodulation.pam_data_3[3:0]}  {tb_senter_receiver.uut_receiver.uut_demodulation.pam_data_4[3:0]}  {tb_senter_receiver.uut_receiver.uut_demodulation.pam_data_5[3:0]}  {tb_senter_receiver.uut_receiver.uut_demodulation.pam_data_6[3:0]}  {tb_senter_receiver.uut_receiver.uut_demodulation.pam_data_7[3:0]}  tb_senter_receiver.uut_receiver.uut_demodulation.cmp_result_10  tb_senter_receiver.uut_receiver.uut_demodulation.cmp_result_11   }
gui_list_select -id Wave.1 { tb_senter_receiver.uut_receiver.uut_demodulation.cmp_result_12   }
gui_list_select -id Wave.1 { tb_senter_receiver.uut_receiver.uut_demodulation.cmp_result_13   }
gui_list_select -id Wave.1 { tb_senter_receiver.uut_receiver.uut_demodulation.cmp_result_14   }
gui_list_select -id Wave.1 { tb_senter_receiver.uut_receiver.uut_demodulation.cmp_result_15   }
gui_delete_selected -id  Wave.1
gui_list_select -id Wave.1 -selected  { {tb_senter_receiver.uut_receiver.uut_demodulation.m_axi_tkeep[3:0]}   }
gui_list_select -id Wave.1 -selected  { {tb_senter_receiver.uut_receiver.uut_demodulation.rec_value[13:0]}   }
gui_list_select -id Wave.1 -selected  { {tb_senter_receiver.uut_receiver.uut_demodulation.WIDTH_AXI_DATA[31:0]}   }
gui_list_select -id Wave.1 -selected  { {tb_senter_receiver.uut_receiver.uut_demodulation.WIDTH_AXI_DATA[31:0]}  {tb_senter_receiver.uut_receiver.uut_demodulation.LENGTH_PILOT[31:0]}   }
gui_list_select -id Wave.1 -selected  { {tb_senter_receiver.uut_receiver.uut_demodulation.WIDTH_AXI_DATA[31:0]}  {tb_senter_receiver.uut_receiver.uut_demodulation.LENGTH_PILOT[31:0]}  {tb_senter_receiver.uut_receiver.uut_demodulation.WIDTH_AXI_KEEP[31:0]}   }
gui_list_select -id Wave.1 -selected  { {tb_senter_receiver.uut_receiver.uut_demodulation.WIDTH_AXI_DATA[31:0]}  {tb_senter_receiver.uut_receiver.uut_demodulation.LENGTH_PILOT[31:0]}  {tb_senter_receiver.uut_receiver.uut_demodulation.WIDTH_AXI_KEEP[31:0]}  tb_senter_receiver.uut_receiver.uut_demodulation.flag_S0_over   }
gui_list_select -id Wave.1 -selected  { {tb_senter_receiver.uut_receiver.uut_demodulation.WIDTH_AXI_DATA[31:0]}  {tb_senter_receiver.uut_receiver.uut_demodulation.LENGTH_PILOT[31:0]}  {tb_senter_receiver.uut_receiver.uut_demodulation.WIDTH_AXI_KEEP[31:0]}  tb_senter_receiver.uut_receiver.uut_demodulation.flag_S0_over  {tb_senter_receiver.uut_receiver.uut_demodulation.LENGTH_DATA[31:0]}   }
gui_list_select -id Wave.1 -selected  { {tb_senter_receiver.uut_receiver.uut_demodulation.WIDTH_AXI_DATA[31:0]}  {tb_senter_receiver.uut_receiver.uut_demodulation.LENGTH_PILOT[31:0]}  {tb_senter_receiver.uut_receiver.uut_demodulation.WIDTH_AXI_KEEP[31:0]}  {tb_senter_receiver.uut_receiver.uut_demodulation.LENGTH_DATA[31:0]}   }
gui_list_select -id Wave.1 -selected  { {tb_senter_receiver.uut_receiver.uut_demodulation.WIDTH_AXI_DATA[31:0]}  {tb_senter_receiver.uut_receiver.uut_demodulation.LENGTH_PILOT[31:0]}  {tb_senter_receiver.uut_receiver.uut_demodulation.WIDTH_AXI_KEEP[31:0]}  {tb_senter_receiver.uut_receiver.uut_demodulation.LENGTH_DATA[31:0]}  {tb_senter_receiver.uut_receiver.uut_demodulation.PAM_ORDER[31:0]}   }
gui_list_select -id Wave.1 -selected  { {tb_senter_receiver.uut_receiver.uut_demodulation.WIDTH_AXI_DATA[31:0]}  {tb_senter_receiver.uut_receiver.uut_demodulation.LENGTH_PILOT[31:0]}  {tb_senter_receiver.uut_receiver.uut_demodulation.WIDTH_AXI_KEEP[31:0]}  {tb_senter_receiver.uut_receiver.uut_demodulation.LENGTH_DATA[31:0]}  {tb_senter_receiver.uut_receiver.uut_demodulation.PAM_ORDER[31:0]}  tb_senter_receiver.uut_receiver.uut_demodulation.cmp_result_0   }
gui_list_select -id Wave.1 -selected  { {tb_senter_receiver.uut_receiver.uut_demodulation.WIDTH_AXI_DATA[31:0]}  {tb_senter_receiver.uut_receiver.uut_demodulation.LENGTH_PILOT[31:0]}  {tb_senter_receiver.uut_receiver.uut_demodulation.WIDTH_AXI_KEEP[31:0]}  {tb_senter_receiver.uut_receiver.uut_demodulation.LENGTH_DATA[31:0]}  {tb_senter_receiver.uut_receiver.uut_demodulation.PAM_ORDER[31:0]}  tb_senter_receiver.uut_receiver.uut_demodulation.cmp_result_0  tb_senter_receiver.uut_receiver.uut_demodulation.cmp_result_1   }
gui_list_select -id Wave.1 -selected  { {tb_senter_receiver.uut_receiver.uut_demodulation.WIDTH_AXI_DATA[31:0]}  {tb_senter_receiver.uut_receiver.uut_demodulation.LENGTH_PILOT[31:0]}  {tb_senter_receiver.uut_receiver.uut_demodulation.WIDTH_AXI_KEEP[31:0]}  {tb_senter_receiver.uut_receiver.uut_demodulation.LENGTH_DATA[31:0]}  {tb_senter_receiver.uut_receiver.uut_demodulation.PAM_ORDER[31:0]}  tb_senter_receiver.uut_receiver.uut_demodulation.cmp_result_0  tb_senter_receiver.uut_receiver.uut_demodulation.cmp_result_1  tb_senter_receiver.uut_receiver.uut_demodulation.cmp_result_2   }
gui_list_select -id Wave.1 -selected  { {tb_senter_receiver.uut_receiver.uut_demodulation.WIDTH_AXI_DATA[31:0]}  {tb_senter_receiver.uut_receiver.uut_demodulation.LENGTH_PILOT[31:0]}  {tb_senter_receiver.uut_receiver.uut_demodulation.WIDTH_AXI_KEEP[31:0]}  {tb_senter_receiver.uut_receiver.uut_demodulation.LENGTH_DATA[31:0]}  {tb_senter_receiver.uut_receiver.uut_demodulation.PAM_ORDER[31:0]}  tb_senter_receiver.uut_receiver.uut_demodulation.cmp_result_0  tb_senter_receiver.uut_receiver.uut_demodulation.cmp_result_1  tb_senter_receiver.uut_receiver.uut_demodulation.cmp_result_2  {tb_senter_receiver.uut_receiver.uut_demodulation.nxt_state[2:0]}   }
gui_list_select -id Wave.1 -selected  { {tb_senter_receiver.uut_receiver.uut_demodulation.WIDTH_AXI_DATA[31:0]}  {tb_senter_receiver.uut_receiver.uut_demodulation.LENGTH_PILOT[31:0]}  {tb_senter_receiver.uut_receiver.uut_demodulation.WIDTH_AXI_KEEP[31:0]}  {tb_senter_receiver.uut_receiver.uut_demodulation.LENGTH_DATA[31:0]}  {tb_senter_receiver.uut_receiver.uut_demodulation.PAM_ORDER[31:0]}  tb_senter_receiver.uut_receiver.uut_demodulation.cmp_result_0  tb_senter_receiver.uut_receiver.uut_demodulation.cmp_result_1  tb_senter_receiver.uut_receiver.uut_demodulation.cmp_result_2   }
gui_list_select -id Wave.1 -selected  { {tb_senter_receiver.uut_receiver.uut_demodulation.WIDTH_AXI_DATA[31:0]}  {tb_senter_receiver.uut_receiver.uut_demodulation.LENGTH_PILOT[31:0]}  {tb_senter_receiver.uut_receiver.uut_demodulation.WIDTH_AXI_KEEP[31:0]}  {tb_senter_receiver.uut_receiver.uut_demodulation.LENGTH_DATA[31:0]}  {tb_senter_receiver.uut_receiver.uut_demodulation.PAM_ORDER[31:0]}  tb_senter_receiver.uut_receiver.uut_demodulation.cmp_result_0  tb_senter_receiver.uut_receiver.uut_demodulation.cmp_result_1  tb_senter_receiver.uut_receiver.uut_demodulation.cmp_result_2  tb_senter_receiver.uut_receiver.uut_demodulation.cmp_result_3   }
gui_list_select -id Wave.1 -selected  { {tb_senter_receiver.uut_receiver.uut_demodulation.WIDTH_AXI_DATA[31:0]}  {tb_senter_receiver.uut_receiver.uut_demodulation.LENGTH_PILOT[31:0]}  {tb_senter_receiver.uut_receiver.uut_demodulation.WIDTH_AXI_KEEP[31:0]}  {tb_senter_receiver.uut_receiver.uut_demodulation.LENGTH_DATA[31:0]}  {tb_senter_receiver.uut_receiver.uut_demodulation.PAM_ORDER[31:0]}  tb_senter_receiver.uut_receiver.uut_demodulation.cmp_result_0  tb_senter_receiver.uut_receiver.uut_demodulation.cmp_result_1  tb_senter_receiver.uut_receiver.uut_demodulation.cmp_result_2  tb_senter_receiver.uut_receiver.uut_demodulation.cmp_result_3  tb_senter_receiver.uut_receiver.uut_demodulation.cmp_result_4   }
gui_list_select -id Wave.1 { tb_senter_receiver.uut_receiver.uut_demodulation.cmp_result_5   }
gui_list_select -id Wave.1 { tb_senter_receiver.uut_receiver.uut_demodulation.cmp_result_6   }
gui_list_select -id Wave.1 { tb_senter_receiver.uut_receiver.uut_demodulation.cmp_result_7   }
gui_list_select -id Wave.1 { tb_senter_receiver.uut_receiver.uut_demodulation.cmp_result_8   }
gui_list_select -id Wave.1 { tb_senter_receiver.uut_receiver.uut_demodulation.cmp_result_9   }
gui_list_select -id Wave.1 { {tb_senter_receiver.uut_receiver.uut_demodulation.WIDTH_ADDR_REC_DATA[31:0]}   }
gui_list_select -id Wave.1 { {tb_senter_receiver.uut_receiver.uut_demodulation.S2[2:0]}   }
gui_list_select -id Wave.1 { {tb_senter_receiver.uut_receiver.uut_demodulation.S2[2:0]}   }
gui_list_select -id Wave.1 { {tb_senter_receiver.uut_receiver.uut_demodulation.S2[2:0]}   }
gui_list_select -id Wave.1 { {tb_senter_receiver.uut_receiver.uut_demodulation.S1[2:0]}   }
gui_list_select -id Wave.1 { {tb_senter_receiver.uut_receiver.uut_demodulation.AD_CVER_WIDTH[31:0]}   }
gui_list_select -id Wave.1 { {tb_senter_receiver.uut_receiver.uut_demodulation.LENGTH_THRESHOLD[31:0]}   }
gui_delete_selected -id  Wave.1
gui_list_select -id Wave.1 -selected  { {tb_senter_receiver.uut_receiver.uut_demodulation.rec_data_rr[11:0]}   }
gui_list_select -id Wave.1 -selected  { {tb_senter_receiver.uut_receiver.uut_demodulation.cnt_data[31:0]}   }
gui_list_select -id Wave.1 -selected  { tb_senter_receiver.uut_receiver.uut_demodulation.m_axi_tlast_r   }
gui_list_select -id Wave.1 -selected  { {tb_senter_receiver.uut_receiver.uut_demodulation.cnt_data[31:0]}   }
gui_list_select -id Wave.1 -selected  { {tb_senter_receiver.uut_receiver.uut_demodulation.cur_state[2:0]}   }
gui_list_set_selected_property -id Wave.1 -radix state
gui_list_select -id Wave.1 -selected  { {tb_senter_receiver.uut_receiver.uut_demodulation.h_est[11:0]}   }
gui_marker_move -id  Wave.1 C1 195000
gui_wv_zoom_timerange -id  Wave.1 125343 204026
gui_zoom -window Wave.1 -factor 0.5
gui_zoom -window Wave.1 -factor 0.5
gui_zoom -window Wave.1 -factor 0.5
gui_wv_zoom_timerange -id  Wave.1 124970 208475
gui_list_move  -id  Wave.1    -sid  Wave.1   -after tb_senter_receiver.uut_receiver.uut_demodulation.en_div {{tb_senter_receiver.uut_receiver.uut_demodulation.h_est[11:0]}} 
gui_list_select -id Wave.1 -selected  { {tb_senter_receiver.uut_receiver.uut_demodulation.rec_data_rr[11:0]}   }
gui_list_move  -id  Wave.1    -sid  Wave.1   -after {tb_senter_receiver.uut_receiver.uut_demodulation.h_est[11:0]} {{tb_senter_receiver.uut_receiver.uut_demodulation.rec_data_rr[11:0]}} 
gui_list_select -id Wave.1 -selected  { {tb_senter_receiver.uut_receiver.uut_demodulation.m_axi_tdata[31:0]}   }
gui_list_select -id Wave.1 -selected  { tb_senter_receiver.uut_receiver.uut_demodulation.m_axi_tvalid   }
gui_list_move  -id  Wave.1    -sid  Wave.1   -after {tb_senter_receiver.uut_receiver.uut_demodulation.cmp_result[15:0]} {{tb_senter_receiver.uut_receiver.uut_demodulation.m_axi_tvalid}} 
gui_list_move  -id  Wave.1    -sid  Wave.1   -after {tb_senter_receiver.uut_receiver.uut_demodulation.m_axi_tdata[31:0]} {{tb_senter_receiver.uut_receiver.uut_demodulation.m_axi_tvalid}} 
gui_list_select -id Wave.1 -selected  { tb_senter_receiver.uut_receiver.uut_demodulation.m_axi_tlast   }
gui_list_move  -id  Wave.1    -sid  Wave.1   -after tb_senter_receiver.uut_receiver.uut_demodulation.flag_S0_over {{tb_senter_receiver.uut_receiver.uut_demodulation.m_axi_tlast}} 
gui_list_move  -id  Wave.1    -sid  Wave.1   -after tb_senter_receiver.uut_receiver.uut_demodulation.m_axi_tvalid {{tb_senter_receiver.uut_receiver.uut_demodulation.m_axi_tlast}} 
gui_zoom -window Wave.1 -factor 0.5
gui_zoom -window Wave.1 -factor 0.5
gui_wv_scrollright -id  Wave.1  line
gui_wv_scrollright -id  Wave.1  line
gui_wv_scrollright -id  Wave.1  line
gui_wv_scrollright -id  Wave.1  line
gui_wv_scrollright -id  Wave.1  line
gui_wv_scrollright -id  Wave.1  line
gui_wv_scrollright -id  Wave.1  line
gui_wv_zoom_timerange -id  Wave.1 325766 398498
gui_zoom -window Wave.1 -factor 0.5
gui_zoom -window Wave.1 -factor 0.5
gui_wv_scrollright -id  Wave.1  line
gui_wv_scrollright -id  Wave.1  line
gui_wv_scrollright -id  Wave.1  line
gui_wv_scrollright -id  Wave.1  line
gui_wv_scrollright -id  Wave.1  line
gui_wv_zoom_timerange -id  Wave.1 464207 528887
gui_list_select -id Wave.1 -selected  { tb_senter_receiver.uut_receiver.uut_demodulation.en_div   }
gui_close_window -window TopLevel.2
