09:18:07    16 -->                                                             [tcl] ucliGUI::connect -toolargs -ucligui -toolexe ./simv -pid 11963 -toolin /tmp/vcs_20201223011805_11962_eda..stdin -toolout /tmp/vcs_20201223011805_11962_eda..stdout  
09:18:07    17 -->                                                                 [tcl] set ucliGUI::state
09:18:07    18 -->                                                                     [tcl] gui_update_simulator_buttons
09:18:08    19 -->                                                                         [tcl] set ucliGUI::state
09:18:08    20 -->                                                                             [tcl] ucliCore::getToolPID
09:18:08    21 -->                                                                                 [tcl] synopsys::env hasTB
09:18:08    22 -->                                                                                     [tcl] trigger_hier_stack_context_switch 0
09:18:08    23 -->                                                                                         [tcl] synUtils::setDVEInitPhase 1
09:18:08    24 -->                                                                                             [tcl] gui_get_env SIMSETUP::SIMVPD
09:18:08    25 --> ...  [tcl] synopsys::dump -type VPD -file /home/eda/feifan/vlc_plat/PAM/Senter_Receiver/sim/inter.vpd -locking
09:18:08    26 --> ...      [tcl] synopsys::dump -autoflush on -fid VPD0
09:18:08    27 --> ...          [tcl] set ::dve_fid VPD0
09:18:08    28 --> ...              [tcl] synUtils::setDVEInitPhase 0
09:18:08    29 --> ...                  [tcl] ucliCore::getToolPID
09:18:08    30 --> ...                      [tcl] synUtils::sendTool -active _icl_setToolSocket /tmp/smlnp6OHiU0
09:18:08    31 --> ...                          [tcl] synUtils::sendTool -active {_icl_start_rpc -version "O-2018.09-SP2_Full64" -sync_file /tmp/vcs_dve_rpc.eda.11963}
09:18:08    32 --> ...                              [tcl] synUtils::sendTool -active {_icl_createSharedMemory /tmp/vcs_dve_general.eda.11963}
09:18:08    33 --> ...                                  [tcl] dveMisc::vbusExpand tb_senter_syn
09:18:08    34 --> ...                                      [tcl] config endofsim noexit
09:18:08    35 --> ...                                          [tcl] config onfail enable all
09:18:08    36 --> ...                                              [tcl] config syscaddplainmembers
09:18:08    37 --> ...                                                  [tcl] config syscaddsourcenames
09:18:08    38 --> ...                                                      [tcl] config syscaddstructtypes
09:18:08    39 --> ...                                                          [tcl] synopsys::listing -disable
09:18:13    40 --> ...                                                              [tcl] dveMisc::vbusExpand tb_senter_syn.uut_receiver.uut_demodulation
09:18:15    41 --> ...                                                                  [tcl] synopsys::dump -add {tb_senter_syn.uut_receiver.uut_demodulation} -scope "." -depth 1 -fid VPD0
09:18:15    42 --> ...                                                                      [tcl] synopsys::dump -add {tb_senter_syn.uut_receiver.uut_demodulation.pilot_mem } -aggregates  -fid VPD0
09:18:20    43 --> ...                                                                          [tcl] synopsys::run -relative 100000.000000ps
09:18:20    44 --> ...                                                                              [tcl] set ucliGUI::state
09:18:20    45 --> ...                                                                                  [tcl] gui_update_simulator_buttons
09:18:20    46 --> ...                                                                                      [tcl] set ucliGUI::state
09:18:20    47 --> ...                                                                                          [tcl] set ucliGUI::state
09:18:20    48 --> ...                                                                                              [tcl] set ucliGUI::state
09:18:20    49 --> ...                                                                                                  [tcl] set ucliGUI::state
09:18:20    50 --> ...  [tcl] catch {senv activeDomain} dveMisc::result 
09:18:20    51 --> ...      [tcl] set dveMisc::result
09:18:20    52 --> ...          [tcl] gui_update_simulator_buttons
09:19:15    53 --> ...              [tcl] if [catch {gui_sim_terminate}] {gui_sim_terminate -kill}
09:19:15    54 --> ...                  [tcl] synopsys::finish
09:19:15    55 --> ...                      [tcl] set ucliGUI::state
09:19:15    56 --> ...                          [tcl] gui_update_simulator_buttons
09:19:15    57 --> ...                              [tcl] set ucliGUI::state
09:19:15    58 --> ...                                  [tcl] catch {senv activeDomain} dveMisc::result 
09:19:15    59 --> ...                                      [tcl] set dveMisc::result
09:19:15    60 --> ...                                          [tcl] gui_update_simulator_buttons
09:19:15    61 --> ...                                              [tcl] catch {senv activeDomain} dveMisc::result 
09:19:15    62 --> ...                                                  [tcl] set dveMisc::result
09:19:15    63 --> ...                                                      [tcl] ucli_exit
