08:41:59    16 -->                                                             [tcl] ucliGUI::connect -toolargs -ucligui -toolexe ./simv -pid 4140 -toolin /tmp/vcs_20201218004157_4139_eda..stdin -toolout /tmp/vcs_20201218004157_4139_eda..stdout  
08:41:59    17 -->                                                                 [tcl] set ucliGUI::state
08:41:59    18 -->                                                                     [tcl] gui_update_simulator_buttons
08:42:00    19 -->                                                                         [tcl] set ucliGUI::state
08:42:00    20 -->                                                                             [tcl] ucliCore::getToolPID
08:42:00    21 -->                                                                                 [tcl] synopsys::env hasTB
08:42:00    22 -->                                                                                     [tcl] trigger_hier_stack_context_switch 0
08:42:00    23 -->                                                                                         [tcl] synUtils::setDVEInitPhase 1
08:42:00    24 -->                                                                                             [tcl] gui_get_env SIMSETUP::SIMVPD
08:42:00    25 --> ...  [tcl] synopsys::dump -type VPD -file /home/eda/feifan/vlc_plat/PAM/Senter/Bit_Align/sim/inter.vpd -locking
08:42:00    26 --> ...      [tcl] synopsys::dump -autoflush on -fid VPD0
08:42:00    27 --> ...          [tcl] set ::dve_fid VPD0
08:42:00    28 --> ...              [tcl] synUtils::setDVEInitPhase 0
08:42:00    29 --> ...                  [tcl] ucliCore::getToolPID
08:42:00    30 --> ...                      [tcl] synUtils::sendTool -active _icl_setToolSocket /tmp/smlnp8MYfQM
08:42:00    31 --> ...                          [tcl] synUtils::sendTool -active {_icl_start_rpc -version "O-2018.09-SP2_Full64" -sync_file /tmp/vcs_dve_rpc.eda.4140}
08:42:00    32 --> ...                              [tcl] synUtils::sendTool -active {_icl_createSharedMemory /tmp/vcs_dve_general.eda.4140}
08:42:00    33 --> ...                                  [tcl] dveMisc::vbusExpand tb_pam_map
08:42:00    34 --> ...                                      [tcl] config endofsim noexit
08:42:00    35 --> ...                                          [tcl] config onfail enable all
08:42:00    36 --> ...                                              [tcl] config syscaddplainmembers
08:42:00    37 --> ...                                                  [tcl] config syscaddsourcenames
08:42:00    38 --> ...                                                      [tcl] config syscaddstructtypes
08:42:00    39 --> ...                                                          [tcl] synopsys::listing -disable
08:42:04    40 --> ...                                                              [tcl] dveMisc::vbusExpand tb_pam_map.uut_pam_map
08:42:07    41 --> ...                                                                  [tcl] synopsys::dump -add {tb_pam_map.uut_pam_map.AD_CVER_WIDTH tb_pam_map.uut_pam_map.DATA_WIDTH tb_pam_map.uut_pam_map.IDLE tb_pam_map.uut_pam_map.MEM_ADDR_WIDTH tb_pam_map.uut_pam_map.MEM_DEPTH tb_pam_map.uut_pam_map.M_AXIS_tdata tb_pam_map.uut_pam_map.M_AXIS_tkeep tb_pam_map.uut_pam_map.M_AXIS_tlast tb_pam_map.uut_pam_map.M_AXIS_tready tb_pam_map.uut_pam_map.M_AXIS_tready_r tb_pam_map.uut_pam_map.M_AXIS_tvalid tb_pam_map.uut_pam_map.M_out_pam_data tb_pam_map.uut_pam_map.M_out_ready tb_pam_map.uut_pam_map.M_out_valid tb_pam_map.uut_pam_map.M_out_valid_r tb_pam_map.uut_pam_map.PAM_ORDER tb_pam_map.uut_pam_map.S0 tb_pam_map.uut_pam_map.S1 tb_pam_map.uut_pam_map.arst_n tb_pam_map.uut_pam_map.clk tb_pam_map.uut_pam_map.cnt_stored_data tb_pam_map.uut_pam_map.detect_data_0 tb_pam_map.uut_pam_map.detect_data_1 tb_pam_map.uut_pam_map.i tb_pam_map.uut_pam_map.mem tb_pam_map.uut_pam_map.pam_data_0 tb_pam_map.uut_pam_map.pam_data_1 tb_pam_map.uut_pam_map.rec_addr tb_pam_map.uut_pam_map.rec_cur_state tb_pam_map.uut_pam_map.rec_flag_IDLE_over tb_pam_map.uut_pam_map.rec_flag_S0_over tb_pam_map.uut_pam_map.rec_flag_S1_over tb_pam_map.uut_pam_map.rec_nxt_state tb_pam_map.uut_pam_map.rec_valid tb_pam_map.uut_pam_map.sent_addr tb_pam_map.uut_pam_map.sent_addr_w tb_pam_map.uut_pam_map.sent_cur_state tb_pam_map.uut_pam_map.sent_flag_IDLE_over tb_pam_map.uut_pam_map.sent_flag_S0_over tb_pam_map.uut_pam_map.sent_flag_S1_over tb_pam_map.uut_pam_map.sent_nxt_state tb_pam_map.uut_pam_map.sent_valid } -aggregates  -fid VPD0
08:42:11    42 --> ...                                                                      [tcl] synopsys::run -relative 100000.000000ps
08:42:11    43 --> ...                                                                          [tcl] set ucliGUI::state
08:42:11    44 --> ...                                                                              [tcl] gui_update_simulator_buttons
08:42:11    45 --> ...                                                                                  [tcl] set ucliGUI::state
08:42:11    46 --> ...                                                                                      [tcl] set ucliGUI::state
08:42:11    47 --> ...                                                                                          [tcl] set ucliGUI::state
08:42:11    48 --> ...                                                                                              [tcl] set ucliGUI::state
08:42:11    49 --> ...                                                                                                  [tcl] catch {senv activeDomain} dveMisc::result 
08:42:11    50 --> ...  [tcl] set dveMisc::result
08:42:11    51 --> ...      [tcl] gui_update_simulator_buttons
08:42:12    52 --> ...          [tcl] synopsys::run -relative 100000.000000ps
08:42:12    53 --> ...              [tcl] set ucliGUI::state
08:42:12    54 --> ...                  [tcl] gui_update_simulator_buttons
08:42:12    55 --> ...                      [tcl] set ucliGUI::state
08:42:12    56 --> ...                          [tcl] set ucliGUI::state
08:42:12    57 --> ...                              [tcl] set ucliGUI::state
08:42:12    58 --> ...                                  [tcl] set ucliGUI::state
08:42:12    59 --> ...                                      [tcl] catch {senv activeDomain} dveMisc::result 
08:42:12    60 --> ...                                          [tcl] set dveMisc::result
08:42:12    61 --> ...                                              [tcl] gui_update_simulator_buttons
08:42:12    62 --> ...                                                  [tcl] synopsys::run -relative 100000.000000ps
08:42:12    63 --> ...                                                      [tcl] set ucliGUI::state
08:42:12    64 --> ...                                                          [tcl] gui_update_simulator_buttons
08:42:12    65 --> ...                                                              [tcl] set ucliGUI::state
08:42:12    66 --> ...                                                                  [tcl] set ucliGUI::state
08:42:12    67 --> ...                                                                      [tcl] set ucliGUI::state
08:42:12    68 --> ...                                                                          [tcl] set ucliGUI::state
08:42:12    69 --> ...                                                                              [tcl] catch {senv activeDomain} dveMisc::result 
08:42:12    70 --> ...                                                                                  [tcl] set dveMisc::result
08:42:12    71 --> ...                                                                                      [tcl] gui_update_simulator_buttons
08:42:12    72 --> ...                                                                                          [tcl] synopsys::run -relative 100000.000000ps
08:42:12    73 --> ...                                                                                              [tcl] set ucliGUI::state
08:42:12    74 --> ...                                                                                                  [tcl] gui_update_simulator_buttons
08:42:12    75 --> ...  [tcl] set ucliGUI::state
08:42:12    76 --> ...      [tcl] set ucliGUI::state
08:42:12    77 --> ...          [tcl] set ucliGUI::state
08:42:12    78 --> ...              [tcl] set ucliGUI::state
08:42:12    79 --> ...                  [tcl] catch {senv activeDomain} dveMisc::result 
08:42:12    80 --> ...                      [tcl] set dveMisc::result
08:42:12    81 --> ...                          [tcl] gui_update_simulator_buttons
08:42:12    82 --> ...                              [tcl] synopsys::run -relative 100000.000000ps
08:42:12    83 --> ...                                  [tcl] set ucliGUI::state
08:42:12    84 --> ...                                      [tcl] gui_update_simulator_buttons
08:42:12    85 --> ...                                          [tcl] set ucliGUI::state
08:42:12    86 --> ...                                              [tcl] set ucliGUI::state
08:42:12    87 --> ...                                                  [tcl] set ucliGUI::state
08:42:12    88 --> ...                                                      [tcl] set ucliGUI::state
08:42:12    89 --> ...                                                          [tcl] catch {senv activeDomain} dveMisc::result 
08:42:12    90 --> ...                                                              [tcl] set dveMisc::result
08:42:12    91 --> ...                                                                  [tcl] gui_update_simulator_buttons
08:45:15    92 --> ...                                                                      [tcl] if [catch {gui_sim_terminate}] {gui_sim_terminate -kill}
08:45:15    93 --> ...                                                                          [tcl] synopsys::finish
08:45:15    94 --> ...                                                                              [tcl] set ucliGUI::state
08:45:15    95 --> ...                                                                                  [tcl] gui_update_simulator_buttons
08:45:15    96 --> ...                                                                                      [tcl] set ucliGUI::state
08:45:15    97 --> ...                                                                                          [tcl] catch {senv activeDomain} dveMisc::result 
08:45:15    98 --> ...                                                                                              [tcl] set dveMisc::result
08:45:15    99 --> ...                                                                                                  [tcl] gui_update_simulator_buttons
08:45:15    100 --> ...  [tcl] catch {senv activeDomain} dveMisc::result 
08:45:15    101 --> ...      [tcl] set dveMisc::result
08:45:15    102 --> ...          [tcl] ucli_exit
