# Preference setting overrides
gui_create_pref_key -category {Globals} -key {load_detail_for_funcov} -value_type {bool} -value {false}

# State setting overrides
gui_state_default_create -off -ini
gui_set_state_value -category Globals -key recent_sessions -value {{gui_load_session -ignore_errors -file /home/eda/feifan/vlc_plat/PAM/Senter/Bit_Align/sim/DVEfiles/dve_checkpoint_29842_1.tcl}}
gui_set_state_value -category Layout -key child_assertion_size_x -value 1916
gui_set_state_value -category Layout -key child_assertion_size_y -value 149
gui_set_state_value -category Layout -key child_console_size_x -value 295
gui_set_state_value -category Layout -key child_console_size_y -value 201
gui_set_state_value -category Layout -key child_data_coltype -value 56
gui_set_state_value -category Layout -key child_data_colvalue -value 13
gui_set_state_value -category Layout -key child_data_colvariable -value 314
gui_set_state_value -category Layout -key child_data_size_x -value 282
gui_set_state_value -category Layout -key child_data_size_y -value 471
gui_set_state_value -category Layout -key child_driver_size_x -value 1481
gui_set_state_value -category Layout -key child_driver_size_y -value 244
gui_set_state_value -category Layout -key child_hier_col3 -value {-1}
gui_set_state_value -category Layout -key child_hier_colhier -value 491
gui_set_state_value -category Layout -key child_hier_colpd -value 0
gui_set_state_value -category Layout -key child_hier_coltype -value 111
gui_set_state_value -category Layout -key child_hier_size_x -value 500
gui_set_state_value -category Layout -key child_hier_size_y -value 471
gui_set_state_value -category Layout -key child_source_docknewline -value false
gui_set_state_value -category Layout -key child_source_showstate -value minimized
gui_set_state_value -category Layout -key child_source_size_x -value 364
gui_set_state_value -category Layout -key child_source_size_y -value 294
gui_set_state_value -category Layout -key child_wave_colname -value 224
gui_set_state_value -category Layout -key child_wave_colvalue -value 224
gui_set_state_value -category Layout -key child_wave_left -value 452
gui_set_state_value -category Layout -key child_wave_right -value 1101
gui_set_state_value -category Layout -key main_pos_x -value 98
gui_set_state_value -category Layout -key main_pos_y -value 79
gui_set_state_value -category Layout -key main_size_x -value 1540
gui_set_state_value -category Layout -key main_size_y -value 858
gui_set_state_value -category Layout -key stand_wave_child_docknewline -value false
gui_set_state_value -category Layout -key stand_wave_child_pos_x -value {-2}
gui_set_state_value -category Layout -key stand_wave_child_pos_y -value {-15}
gui_set_state_value -category Layout -key stand_wave_child_size_x -value 1563
gui_set_state_value -category Layout -key stand_wave_child_size_y -value 656
gui_set_state_value -category Layout -key stand_wave_top_pos_x -value 127
gui_set_state_value -category Layout -key stand_wave_top_pos_y -value 109
gui_set_state_value -category Layout -key stand_wave_top_size_x -value 1685
gui_set_state_value -category Layout -key stand_wave_top_size_y -value 877
gui_create_state_key -category FindDialog -key m_pMatchCase -value_type bool -value false
gui_create_state_key -category FindDialog -key m_pMatchWord -value_type bool -value false
gui_create_state_key -category FindDialog -key m_pUseCombo -value_type string -value {}
gui_create_state_key -category FindDialog -key m_pWrapAround -value_type bool -value true
gui_create_state_key -category Widget_History -key TopLevel.2|EkTopVbox|wndWorkspace|qt_workspacechild2|Wave.1|left|filterVBox|controlHBox|unnamed -value_type string -value {*add_raddr *ram_raddr {*mst_exec_state == INIT_READ}}
gui_create_state_key -category Widget_History -key {dlgSimSetup|m_setupTab|tab pages|BuildTab|m_rebuildBtnGroup|m_customCmdCombo} -value_type string -value {{-sverilog} sverilog}
gui_create_state_key -category Widget_History -key {dlgSimSetup|m_setupTab|tab pages|SimTab|m_VPDCombo} -value_type string -value inter.vpd
gui_create_state_key -category Widget_History -key {dlgSimSetup|m_setupTab|tab pages|SimTab|m_argsCombo} -value_type string -value {{-nc -licqueue -a simulate.log -do tb_top_dma_simulate.do} {-ucligui -nc -licqueue -l simulate.log -do tb_top_dma_simulate.do} {-nc -licqueue -a simulate.log -do tb_top_avalon_simulate.do}}
gui_create_state_key -category Widget_History -key {dlgSimSetup|m_setupTab|tab pages|SimTab|m_curDirCombo} -value_type string -value {/home/eda/feifan/vlc_plat/PAM/Senter/Bit_Align/sim /home/eda/vivado_prj/axi_dma_trans/axi_dma_ram.sim/sim_1/behav/vcs /home/eda/vivado_prj/avalon_vip_test/avalon_vip_test.sim/sim_1/behav/vcs}
gui_create_state_key -category Widget_History -key {dlgSimSetup|m_setupTab|tab pages|SimTab|m_exeCombo} -value_type string -value {./simv ./tb_top_dma_simv /home/eda/vivado_prj/axi_dma_trans/axi_dma_ram.sim/sim_1/behav/vcs/tb_top_dma_simv ./tb_top_avalon_simv}
gui_state_default_create -off

# Begin command logging
gui_sim_run Ucli -exe ./simv -args {-ucligui  } -dir .
gui_list_expand -id  Hier.1   tb_pam_map
gui_list_select -id Hier.1 -current_item_name tb_pam_map.uut_pam_map -current_item_type Scope  -selected  { tb_pam_map.uut_pam_map   }
gui_list_select -id Data.1 -selected  { tb_pam_map.uut_pam_map.M_out_ready   }
gui_list_select_all -id Data.1
gui_open_window Wave
gui_list_add -id Wave.1 -from Data.1 { tb_pam_map.uut_pam_map.clk tb_pam_map.uut_pam_map.arst_n {tb_pam_map.uut_pam_map.M_AXIS_tdata[31:0]} tb_pam_map.uut_pam_map.M_AXIS_tlast {tb_pam_map.uut_pam_map.M_AXIS_tkeep[3:0]} tb_pam_map.uut_pam_map.M_AXIS_tvalid tb_pam_map.uut_pam_map.M_AXIS_tready tb_pam_map.uut_pam_map.M_out_ready tb_pam_map.uut_pam_map.M_out_valid {tb_pam_map.uut_pam_map.M_out_pam_data[23:0]} {tb_pam_map.uut_pam_map.i[31:0]} tb_pam_map.uut_pam_map.rec_valid tb_pam_map.uut_pam_map.sent_valid tb_pam_map.uut_pam_map.rec_flag_IDLE_over tb_pam_map.uut_pam_map.rec_flag_S0_over tb_pam_map.uut_pam_map.rec_flag_S1_over tb_pam_map.uut_pam_map.sent_flag_IDLE_over tb_pam_map.uut_pam_map.sent_flag_S0_over tb_pam_map.uut_pam_map.sent_flag_S1_over {tb_pam_map.uut_pam_map.sent_addr_w[6:0]} {tb_pam_map.uut_pam_map.pam_data_1[11:0]} {tb_pam_map.uut_pam_map.pam_data_0[11:0]} {tb_pam_map.uut_pam_map.rec_addr[6:0]} {tb_pam_map.uut_pam_map.sent_addr[6:0]} {tb_pam_map.uut_pam_map.cnt_stored_data[7:0]} tb_pam_map.uut_pam_map.M_AXIS_tready_r {tb_pam_map.uut_pam_map.rec_cur_state[1:0]} {tb_pam_map.uut_pam_map.rec_nxt_state[1:0]} {tb_pam_map.uut_pam_map.sent_cur_state[1:0]} {tb_pam_map.uut_pam_map.sent_nxt_state[1:0]} tb_pam_map.uut_pam_map.M_out_valid_r {tb_pam_map.uut_pam_map.detect_data_1[3:0]} {tb_pam_map.uut_pam_map.detect_data_0[3:0]} {tb_pam_map.uut_pam_map.mem[0:128][7:0]} {tb_pam_map.uut_pam_map.DATA_WIDTH[31:0]} {tb_pam_map.uut_pam_map.PAM_ORDER[31:0]} {tb_pam_map.uut_pam_map.MEM_ADDR_WIDTH[31:0]} {tb_pam_map.uut_pam_map.AD_CVER_WIDTH[31:0]} {tb_pam_map.uut_pam_map.MEM_DEPTH[31:0]} {tb_pam_map.uut_pam_map.IDLE[1:0]} {tb_pam_map.uut_pam_map.S0[1:0]} {tb_pam_map.uut_pam_map.S1[1:0]} } -insertionbar
gui_sim_continue 100000 
gui_sim_continue 100000 
gui_sim_continue 100000 
gui_sim_continue 100000 
gui_sim_continue 100000 
gui_zoom -window Wave.1 -full
gui_close_window -window TopLevel.2
