# Preference setting overrides
gui_create_pref_key -category {Globals} -key {load_detail_for_funcov} -value_type {bool} -value {false}

# State setting overrides
gui_state_default_create -off -ini
gui_set_state_value -category Globals -key recent_sessions -value {{gui_load_session -ignore_errors -file /home/eda/feifan/vlc_plat/PAM/Senter/sim/DVEfiles/dve_checkpoint_20354_2.tcl} {gui_load_session -ignore_errors -file /home/eda/feifan/vlc_plat/PAM/Senter/sim/DVEfiles/dve_checkpoint_20354_1.tcl} {gui_load_session -ignore_errors -file /home/eda/feifan/vlc_plat/PAM/Senter/Bit_Align/sim/DVEfiles/dve_checkpoint_29842_1.tcl}}
gui_set_state_value -category Layout -key child_assertion_size_x -value 1916
gui_set_state_value -category Layout -key child_assertion_size_y -value 149
gui_set_state_value -category Layout -key child_console_size_x -value 1387
gui_set_state_value -category Layout -key child_console_size_y -value 157
gui_set_state_value -category Layout -key child_data_coltype -value 56
gui_set_state_value -category Layout -key child_data_colvalue -value 13
gui_set_state_value -category Layout -key child_data_colvariable -value 314
gui_set_state_value -category Layout -key child_data_size_x -value 227
gui_set_state_value -category Layout -key child_data_size_y -value 460
gui_set_state_value -category Layout -key child_driver_size_x -value 1481
gui_set_state_value -category Layout -key child_driver_size_y -value 244
gui_set_state_value -category Layout -key child_hier_col3 -value {-1}
gui_set_state_value -category Layout -key child_hier_colhier -value 491
gui_set_state_value -category Layout -key child_hier_colpd -value 0
gui_set_state_value -category Layout -key child_hier_coltype -value 111
gui_set_state_value -category Layout -key child_hier_size_x -value 445
gui_set_state_value -category Layout -key child_hier_size_y -value 460
gui_set_state_value -category Layout -key child_hier_sort_order -value 1
gui_set_state_value -category Layout -key child_source_docknewline -value false
gui_set_state_value -category Layout -key child_source_showstate -value normal
gui_set_state_value -category Layout -key child_source_size_x -value 201
gui_set_state_value -category Layout -key child_source_size_y -value 358
gui_set_state_value -category Layout -key child_wave_colname -value 221
gui_set_state_value -category Layout -key child_wave_colvalue -value 221
gui_set_state_value -category Layout -key child_wave_left -value 447
gui_set_state_value -category Layout -key child_wave_right -value 1089
gui_set_state_value -category Layout -key main_pos_x -value 98
gui_set_state_value -category Layout -key main_pos_y -value 163
gui_set_state_value -category Layout -key main_size_x -value 1485
gui_set_state_value -category Layout -key main_size_y -value 887
gui_set_state_value -category Layout -key stand_wave_child_docknewline -value false
gui_set_state_value -category Layout -key stand_wave_child_pos_x -value {-2}
gui_set_state_value -category Layout -key stand_wave_child_pos_y -value {-15}
gui_set_state_value -category Layout -key stand_wave_child_size_x -value 1546
gui_set_state_value -category Layout -key stand_wave_child_size_y -value 640
gui_set_state_value -category Layout -key stand_wave_top_pos_x -value 148
gui_set_state_value -category Layout -key stand_wave_top_pos_y -value 129
gui_set_state_value -category Layout -key stand_wave_top_size_x -value 1689
gui_set_state_value -category Layout -key stand_wave_top_size_y -value 881
gui_create_state_key -category FindDialog -key m_pMatchCase -value_type bool -value false
gui_create_state_key -category FindDialog -key m_pMatchWord -value_type bool -value false
gui_create_state_key -category FindDialog -key m_pUseCombo -value_type string -value {}
gui_create_state_key -category FindDialog -key m_pWrapAround -value_type bool -value true
gui_create_state_key -category Widget_History -key TopLevel.2|EkTopVbox|wndWorkspace|qt_workspacechild2|Wave.1|left|filterVBox|controlHBox|unnamed -value_type string -value {*add_raddr *ram_raddr {*mst_exec_state == INIT_READ}}
gui_create_state_key -category Widget_History -key {dlgSimSetup|m_setupTab|tab pages|BuildTab|m_rebuildBtnGroup|m_customCmdCombo} -value_type string -value {{-sverilog} sverilog}
gui_create_state_key -category Widget_History -key {dlgSimSetup|m_setupTab|tab pages|SimTab|m_VPDCombo} -value_type string -value inter.vpd
gui_create_state_key -category Widget_History -key {dlgSimSetup|m_setupTab|tab pages|SimTab|m_argsCombo} -value_type string -value {{-nc -licqueue -a simulate.log -do tb_top_dma_simulate.do} {-ucligui -nc -licqueue -l simulate.log -do tb_top_dma_simulate.do} {-nc -licqueue -a simulate.log -do tb_top_avalon_simulate.do}}
gui_create_state_key -category Widget_History -key {dlgSimSetup|m_setupTab|tab pages|SimTab|m_curDirCombo} -value_type string -value {/home/eda/feifan/vlc_plat/PAM/Senter_Receiver/sim /home/eda/feifan/vlc_plat/PAM/Senter/sim /home/eda/feifan/vlc_plat/PAM/Receiver/synchronization/senter_syn/sim /home/eda/feifan/vlc_plat/PAM/Senter/Bit_Align/sim /home/eda/vivado_prj/axi_dma_trans/axi_dma_ram.sim/sim_1/behav/vcs}
gui_create_state_key -category Widget_History -key {dlgSimSetup|m_setupTab|tab pages|SimTab|m_exeCombo} -value_type string -value {./simv ./tb_top_dma_simv /home/eda/vivado_prj/axi_dma_trans/axi_dma_ram.sim/sim_1/behav/vcs/tb_top_dma_simv ./tb_top_avalon_simv}
gui_state_default_create -off

# Begin command logging
gui_sim_run Ucli -exe ./simv -args {-ucligui  } -dir .
gui_list_expand -id  Hier.1   tb_add_head_frame
gui_list_collapse -id  Hier.1   tb_add_head_frame
gui_list_expand -id  Hier.1   tb_add_head_frame
gui_list_collapse -id  Hier.1   tb_add_head_frame
