16:41:36    16 -->                                                             [tcl] ucliGUI::connect -toolargs -ucligui -toolexe ./simv -pid 28302 -toolin /tmp/vcs_20201220084134_28301_eda..stdin -toolout /tmp/vcs_20201220084134_28301_eda..stdout  
16:41:36    17 -->                                                                 [tcl] set ucliGUI::state
16:41:36    18 -->                                                                     [tcl] gui_update_simulator_buttons
16:41:36    19 -->                                                                         [tcl] set ucliGUI::state
16:41:36    20 -->                                                                             [tcl] ucliCore::getToolPID
16:41:36    21 -->                                                                                 [tcl] synopsys::env hasTB
16:41:36    22 -->                                                                                     [tcl] trigger_hier_stack_context_switch 0
16:41:36    23 -->                                                                                         [tcl] synUtils::setDVEInitPhase 1
16:41:36    24 -->                                                                                             [tcl] gui_get_env SIMSETUP::SIMVPD
16:41:36    25 --> ...  [tcl] synopsys::dump -type VPD -file /home/eda/feifan/vlc_plat/PAM/recons_Senter_Receiver/sim/inter.vpd -locking
16:41:36    26 --> ...      [tcl] synopsys::dump -autoflush on -fid VPD0
16:41:36    27 --> ...          [tcl] set ::dve_fid VPD0
16:41:36    28 --> ...              [tcl] synUtils::setDVEInitPhase 0
16:41:36    29 --> ...                  [tcl] ucliCore::getToolPID
16:41:36    30 --> ...                      [tcl] synUtils::sendTool -active _icl_setToolSocket /tmp/smlnpKiQNYr
16:41:36    31 --> ...                          [tcl] synUtils::sendTool -active {_icl_start_rpc -version "O-2018.09-SP2_Full64" -sync_file /tmp/vcs_dve_rpc.eda.28302}
16:41:36    32 --> ...                              [tcl] synUtils::sendTool -active {_icl_createSharedMemory /tmp/vcs_dve_general.eda.28302}
16:41:37    33 --> ...                                  [tcl] dveMisc::vbusExpand tb_senter_receiver
16:41:37    34 --> ...                                      [tcl] config endofsim noexit
16:41:37    35 --> ...                                          [tcl] config onfail enable all
16:41:37    36 --> ...                                              [tcl] config syscaddplainmembers
16:41:37    37 --> ...                                                  [tcl] config syscaddsourcenames
16:41:37    38 --> ...                                                      [tcl] config syscaddstructtypes
16:41:37    39 --> ...                                                          [tcl] synopsys::listing -disable
16:41:42    40 --> ...                                                              [tcl] dveMisc::vbusExpand tb_senter_receiver.uut_receiver.uut_demodulation
16:41:46    41 --> ...                                                                  [tcl] synopsys::dump -add {tb_senter_receiver.uut_receiver.uut_demodulation} -scope "." -depth 1 -fid VPD0
16:41:46    42 --> ...                                                                      [tcl] synopsys::dump -add {tb_senter_receiver.uut_receiver.uut_demodulation.pilot_mem } -aggregates  -fid VPD0
16:41:50    43 --> ...                                                                          [tcl] synopsys::run -relative 1000000.000000ps
16:41:50    44 --> ...                                                                              [tcl] set ucliGUI::state
16:41:50    45 --> ...                                                                                  [tcl] gui_update_simulator_buttons
16:41:50    46 --> ...                                                                                      [tcl] set ucliGUI::state
16:41:50    47 --> ...                                                                                          [tcl] set ucliGUI::state
16:41:50    48 --> ...                                                                                              [tcl] set ucliGUI::state
16:41:50    49 --> ...                                                                                                  [tcl] set ucliGUI::state
16:41:50    50 --> ...  [tcl] catch {senv activeDomain} dveMisc::result 
16:41:50    51 --> ...      [tcl] set dveMisc::result
16:41:50    52 --> ...          [tcl] gui_update_simulator_buttons
16:43:19    53 --> ...              [tcl] if [catch {gui_sim_terminate}] {gui_sim_terminate -kill}
16:43:19    54 --> ...                  [tcl] synopsys::finish
16:43:19    55 --> ...                      [tcl] set ucliGUI::state
16:43:19    56 --> ...                          [tcl] gui_update_simulator_buttons
16:43:19    57 --> ...                              [tcl] set ucliGUI::state
16:43:19    58 --> ...                                  [tcl] catch {senv activeDomain} dveMisc::result 
16:43:19    59 --> ...                                      [tcl] set dveMisc::result
16:43:19    60 --> ...                                          [tcl] gui_update_simulator_buttons
16:43:19    61 --> ...                                              [tcl] catch {senv activeDomain} dveMisc::result 
16:43:19    62 --> ...                                                  [tcl] set dveMisc::result
16:43:19    63 --> ...                                                      [tcl] ucli_exit
