11:17:50    16 -->                                                             [tcl] ucliGUI::connect -toolargs -ucligui -toolexe ./simv -pid 17748 -toolin /tmp/vcs_20201220031748_17747_eda..stdin -toolout /tmp/vcs_20201220031748_17747_eda..stdout  
11:17:50    17 -->                                                                 [tcl] set ucliGUI::state
11:17:50    18 -->                                                                     [tcl] gui_update_simulator_buttons
11:17:50    19 -->                                                                         [tcl] set ucliGUI::state
11:17:50    20 -->                                                                             [tcl] ucliCore::getToolPID
11:17:50    21 -->                                                                                 [tcl] synopsys::env hasTB
11:17:50    22 -->                                                                                     [tcl] trigger_hier_stack_context_switch 0
11:17:50    23 -->                                                                                         [tcl] synUtils::setDVEInitPhase 1
11:17:50    24 -->                                                                                             [tcl] gui_get_env SIMSETUP::SIMVPD
11:17:50    25 --> ...  [tcl] synopsys::dump -type VPD -file /home/eda/feifan/vlc_plat/PAM/recons_Senter_Receiver/Senter/pam_map/sim/inter.vpd -locking
11:17:50    26 --> ...      [tcl] synopsys::dump -autoflush on -fid VPD0
11:17:50    27 --> ...          [tcl] set ::dve_fid VPD0
11:17:50    28 --> ...              [tcl] synUtils::setDVEInitPhase 0
11:17:50    29 --> ...                  [tcl] ucliCore::getToolPID
11:17:50    30 --> ...                      [tcl] synUtils::sendTool -active _icl_setToolSocket /tmp/smlnppwMMDO
11:17:50    31 --> ...                          [tcl] synUtils::sendTool -active {_icl_start_rpc -version "O-2018.09-SP2_Full64" -sync_file /tmp/vcs_dve_rpc.eda.17748}
11:17:50    32 --> ...                              [tcl] synUtils::sendTool -active {_icl_createSharedMemory /tmp/vcs_dve_general.eda.17748}
11:17:51    33 --> ...                                  [tcl] dveMisc::vbusExpand tb_pam_map
11:17:51    34 --> ...                                      [tcl] config endofsim noexit
11:17:51    35 --> ...                                          [tcl] config onfail enable all
11:17:51    36 --> ...                                              [tcl] config syscaddplainmembers
11:17:51    37 --> ...                                                  [tcl] config syscaddsourcenames
11:17:51    38 --> ...                                                      [tcl] config syscaddstructtypes
11:17:51    39 --> ...                                                          [tcl] synopsys::listing -disable
11:17:53    40 --> ...                                                              [tcl] dveMisc::vbusExpand tb_pam_map.uut_pam_map
11:17:55    41 --> ...                                                                  [tcl] synopsys::dump -add {tb_pam_map.uut_pam_map} -scope "." -depth 1 -fid VPD0
11:17:55    42 --> ...                                                                      [tcl] synopsys::dump -add {tb_pam_map.uut_pam_map.mem } -aggregates  -fid VPD0
11:18:00    43 --> ...                                                                          [tcl] synopsys::run -relative 1000000.000000ps
11:18:00    44 --> ...                                                                              [tcl] set ucliGUI::state
11:18:00    45 --> ...                                                                                  [tcl] gui_update_simulator_buttons
11:18:00    46 --> ...                                                                                      [tcl] set ucliGUI::state
11:18:00    47 --> ...                                                                                          [tcl] set ucliGUI::state
11:18:00    48 --> ...                                                                                              [tcl] set ucliGUI::state
11:18:00    49 --> ...                                                                                                  [tcl] set ucliGUI::state
11:18:00    50 --> ...  [tcl] catch {senv activeDomain} dveMisc::result 
11:18:00    51 --> ...      [tcl] set dveMisc::result
11:18:00    52 --> ...          [tcl] gui_update_simulator_buttons
11:19:52    53 --> ...              [tcl] if [catch {gui_sim_terminate}] {gui_sim_terminate -kill}
11:19:52    54 --> ...                  [tcl] synopsys::finish
11:19:52    55 --> ...                      [tcl] set ucliGUI::state
11:19:52    56 --> ...                          [tcl] gui_update_simulator_buttons
11:19:52    57 --> ...                              [tcl] set ucliGUI::state
11:19:52    58 --> ...                                  [tcl] catch {senv activeDomain} dveMisc::result 
11:19:52    59 --> ...                                      [tcl] set dveMisc::result
11:19:52    60 --> ...                                          [tcl] gui_update_simulator_buttons
11:19:52    61 --> ...                                              [tcl] catch {senv activeDomain} dveMisc::result 
11:19:52    62 --> ...                                                  [tcl] set dveMisc::result
11:19:52    63 --> ...                                                      [tcl] ucli_exit
