# Preference setting overrides
gui_create_pref_key -category {Globals} -key {load_detail_for_funcov} -value_type {bool} -value {false}

# State setting overrides
gui_state_default_create -off -ini
gui_set_state_value -category Globals -key recent_sessions -value {{gui_load_session -ignore_errors -file /home/eda/feifan/vlc_plat/PAM/Senter/sim/DVEfiles/dve_checkpoint_20354_2.tcl} {gui_load_session -ignore_errors -file /home/eda/feifan/vlc_plat/PAM/Senter/sim/DVEfiles/dve_checkpoint_20354_1.tcl} {gui_load_session -ignore_errors -file /home/eda/feifan/vlc_plat/PAM/Senter/Bit_Align/sim/DVEfiles/dve_checkpoint_29842_1.tcl}}
gui_set_state_value -category Layout -key child_assertion_size_x -value 1916
gui_set_state_value -category Layout -key child_assertion_size_y -value 149
gui_set_state_value -category Layout -key child_console_size_x -value 1408
gui_set_state_value -category Layout -key child_console_size_y -value 178
gui_set_state_value -category Layout -key child_data_coltype -value 56
gui_set_state_value -category Layout -key child_data_colvalue -value 13
gui_set_state_value -category Layout -key child_data_colvariable -value 314
gui_set_state_value -category Layout -key child_data_size_x -value 248
gui_set_state_value -category Layout -key child_data_size_y -value 460
gui_set_state_value -category Layout -key child_driver_size_x -value 1481
gui_set_state_value -category Layout -key child_driver_size_y -value 244
gui_set_state_value -category Layout -key child_hier_col3 -value {-1}
gui_set_state_value -category Layout -key child_hier_colhier -value 491
gui_set_state_value -category Layout -key child_hier_colpd -value 0
gui_set_state_value -category Layout -key child_hier_coltype -value 111
gui_set_state_value -category Layout -key child_hier_size_x -value 466
gui_set_state_value -category Layout -key child_hier_size_y -value 460
gui_set_state_value -category Layout -key child_hier_sort_order -value 1
gui_set_state_value -category Layout -key child_source_docknewline -value false
gui_set_state_value -category Layout -key child_source_showstate -value normal
gui_set_state_value -category Layout -key child_source_size_x -value 201
gui_set_state_value -category Layout -key child_source_size_y -value 318
gui_set_state_value -category Layout -key child_wave_colname -value 225
gui_set_state_value -category Layout -key child_wave_colvalue -value 225
gui_set_state_value -category Layout -key child_wave_left -value 454
gui_set_state_value -category Layout -key child_wave_right -value 1109
gui_set_state_value -category Layout -key main_pos_x -value 98
gui_set_state_value -category Layout -key main_pos_y -value 121
gui_set_state_value -category Layout -key main_size_x -value 1506
gui_set_state_value -category Layout -key main_size_y -value 866
gui_set_state_value -category Layout -key stand_wave_child_docknewline -value false
gui_set_state_value -category Layout -key stand_wave_child_pos_x -value {-2}
gui_set_state_value -category Layout -key stand_wave_child_pos_y -value {-15}
gui_set_state_value -category Layout -key stand_wave_child_size_x -value 1573
gui_set_state_value -category Layout -key stand_wave_child_size_y -value 667
gui_set_state_value -category Layout -key stand_wave_top_pos_x -value 116
gui_set_state_value -category Layout -key stand_wave_top_pos_y -value 97
gui_set_state_value -category Layout -key stand_wave_top_size_x -value 1684
gui_set_state_value -category Layout -key stand_wave_top_size_y -value 876
gui_create_state_key -category FindDialog -key m_pMatchCase -value_type bool -value false
gui_create_state_key -category FindDialog -key m_pMatchWord -value_type bool -value false
gui_create_state_key -category FindDialog -key m_pUseCombo -value_type string -value {}
gui_create_state_key -category FindDialog -key m_pWrapAround -value_type bool -value true
gui_create_state_key -category Widget_History -key TopLevel.2|EkTopVbox|wndWorkspace|qt_workspacechild2|Wave.1|left|filterVBox|controlHBox|unnamed -value_type string -value {*add_raddr *ram_raddr {*mst_exec_state == INIT_READ}}
gui_create_state_key -category Widget_History -key {dlgSimSetup|m_setupTab|tab pages|BuildTab|m_rebuildBtnGroup|m_customCmdCombo} -value_type string -value {{-sverilog} sverilog}
gui_create_state_key -category Widget_History -key {dlgSimSetup|m_setupTab|tab pages|SimTab|m_VPDCombo} -value_type string -value inter.vpd
gui_create_state_key -category Widget_History -key {dlgSimSetup|m_setupTab|tab pages|SimTab|m_argsCombo} -value_type string -value {{-nc -licqueue -a simulate.log -do tb_top_dma_simulate.do} {-ucligui -nc -licqueue -l simulate.log -do tb_top_dma_simulate.do} {-nc -licqueue -a simulate.log -do tb_top_avalon_simulate.do}}
gui_create_state_key -category Widget_History -key {dlgSimSetup|m_setupTab|tab pages|SimTab|m_curDirCombo} -value_type string -value {/home/eda/feifan/vlc_plat/PAM/Receiver/synchronization/senter_syn/sim /home/eda/feifan/vlc_plat/PAM/Senter/sim /home/eda/feifan/vlc_plat/PAM/Senter/Bit_Align/sim /home/eda/vivado_prj/axi_dma_trans/axi_dma_ram.sim/sim_1/behav/vcs /home/eda/vivado_prj/avalon_vip_test/avalon_vip_test.sim/sim_1/behav/vcs}
gui_create_state_key -category Widget_History -key {dlgSimSetup|m_setupTab|tab pages|SimTab|m_exeCombo} -value_type string -value {./simv ./tb_top_dma_simv /home/eda/vivado_prj/axi_dma_trans/axi_dma_ram.sim/sim_1/behav/vcs/tb_top_dma_simv ./tb_top_avalon_simv}
gui_state_default_create -off

# Begin command logging
gui_sim_run Ucli -exe ./simv -args {-ucligui  } -dir .
gui_list_expand -id  Hier.1   tb_senter_syn
gui_list_select -id Hier.1 -current_item_name tb_senter_syn.uut_senter_syn -current_item_type Scope  -selected  { tb_senter_syn.uut_senter_syn   }
gui_list_expand -id  Hier.1   tb_senter_syn.uut_senter_syn
gui_list_select -id Hier.1 -current_item_name tb_senter_syn.uut_senter_syn.uut_syn -current_item_type Scope  -selected  { tb_senter_syn.uut_senter_syn.uut_syn   }
gui_list_select -id Data.1 -selected  { {tb_senter_syn.uut_senter_syn.uut_syn.result_cov[5:0]}   }
gui_list_select_all -id Data.1
gui_open_window Wave
gui_list_add -id Wave.1 -from Data.1 { tb_senter_syn.uut_senter_syn.uut_syn.clk tb_senter_syn.uut_senter_syn.uut_syn.arst_n {tb_senter_syn.uut_senter_syn.uut_syn.ad_rec_data[11:0]} tb_senter_syn.uut_senter_syn.uut_syn.syn_demodu_ready tb_senter_syn.uut_senter_syn.uut_syn.syn_demodu_valid {tb_senter_syn.uut_senter_syn.uut_syn.syn_demodu_data[11:0]} {tb_senter_syn.uut_senter_syn.uut_syn.result_cov[5:0]} {tb_senter_syn.uut_senter_syn.uut_syn.m_seq_local[30:0]} tb_senter_syn.uut_senter_syn.uut_syn.rec_flag_IDLE_over tb_senter_syn.uut_senter_syn.uut_syn.rec_flag_S0_over tb_senter_syn.uut_senter_syn.uut_syn.rec_flag_S1_over {tb_senter_syn.uut_senter_syn.uut_syn.xor_local_rec[30:0]} {tb_senter_syn.uut_senter_syn.uut_syn.num_xor_rec_loc[5:0]} {tb_senter_syn.uut_senter_syn.uut_syn.cnt_signal[5:0]} tb_senter_syn.uut_senter_syn.uut_syn.syn_demodu_valid_r {tb_senter_syn.uut_senter_syn.uut_syn.ad_rec_data_r[11:0]} {tb_senter_syn.uut_senter_syn.uut_syn.ad_rec_data_rr[11:0]} {tb_senter_syn.uut_senter_syn.uut_syn.rec_cur_state[1:0]} {tb_senter_syn.uut_senter_syn.uut_syn.rec_nxt_state[1:0]} {tb_senter_syn.uut_senter_syn.uut_syn.rec_seq[30:0]} {tb_senter_syn.uut_senter_syn.uut_syn.AD_CVER_WIDTH[31:0]} {tb_senter_syn.uut_senter_syn.uut_syn.PAM_ORDER[31:0]} {tb_senter_syn.uut_senter_syn.uut_syn.WIDTH_RESULT[31:0]} {tb_senter_syn.uut_senter_syn.uut_syn.LENGTH_DATA[31:0]} {tb_senter_syn.uut_senter_syn.uut_syn.LENTGRH_M_SEQ[31:0]} {tb_senter_syn.uut_senter_syn.uut_syn.THRESHOLD[31:0]} {tb_senter_syn.uut_senter_syn.uut_syn.MEM_ADDR_WIDTH[31:0]} {tb_senter_syn.uut_senter_syn.uut_syn.LENGTH_SIGNAL[31:0]} {tb_senter_syn.uut_senter_syn.uut_syn.LENGTH_CNT_SIGNAL[31:0]} {tb_senter_syn.uut_senter_syn.uut_syn.IDLE[1:0]} {tb_senter_syn.uut_senter_syn.uut_syn.S0[1:0]} {tb_senter_syn.uut_senter_syn.uut_syn.S1[1:0]} } -insertionbar
gui_sim_continue 1000000 
gui_zoom -window Wave.1 -full
gui_wv_zoom_timerange -id  Wave.1 0 154412
gui_marker_move -id  Wave.1 C1 7096
gui_marker_move -id  Wave.1 C1 31000
gui_marker_move -id  Wave.1 C1 51234
gui_marker_move -id  Wave.1 C1 57000
gui_link_wave_window -link -id Wave.1
gui_wv_scrollright -id  Wave.1  line
gui_wv_scrollright -id  Wave.1  line
gui_wv_scrollright -id  Wave.1  line
gui_wv_scrollright -id  Wave.1  line
gui_wv_scrollright -id  Wave.1  line
gui_wv_scrollright -id  Wave.1  line
gui_wv_scrollright -id  Wave.1  line
gui_wv_scrollright -id  Wave.1  line
gui_wv_scrollright -id  Wave.1  line
gui_wv_scrollright -id  Wave.1  line
gui_wv_scrollright -id  Wave.1  line
gui_wv_scrollright -id  Wave.1  line
gui_wv_scrollright -id  Wave.1  line
gui_wv_scrollright -id  Wave.1  line
gui_wv_scrollright -id  Wave.1  line
gui_wv_scrollright -id  Wave.1  line
gui_wv_scrollright -id  Wave.1  line
gui_wv_scrollright -id  Wave.1  line
gui_wv_scrollright -id  Wave.1  line
gui_wv_scrollright -id  Wave.1  line
gui_wv_scrollright -id  Wave.1  line
gui_wv_scrollright -id  Wave.1  line
gui_wv_scrollright -id  Wave.1  line
gui_wv_scrollright -id  Wave.1  line
gui_wv_scrollright -id  Wave.1  line
gui_wv_scrollright -id  Wave.1  line
gui_wv_scrollright -id  Wave.1  line
gui_wv_scrollright -id  Wave.1  line
gui_wv_scrollright -id  Wave.1  line
gui_wv_scrollright -id  Wave.1  line
gui_wv_scrollright -id  Wave.1  line
gui_wv_scrollright -id  Wave.1  line
gui_wv_scrollright -id  Wave.1  line
gui_wv_scrollright -id  Wave.1  line
gui_wv_scrollright -id  Wave.1  line
gui_wv_scrollright -id  Wave.1  line
gui_wv_scrollright -id  Wave.1  line
gui_wv_scrollright -id  Wave.1  line
gui_wv_scrollright -id  Wave.1  line
gui_wv_scrollright -id  Wave.1  line
gui_wv_scrollright -id  Wave.1  line
gui_wv_scrollright -id  Wave.1  line
gui_wv_scrollright -id  Wave.1  line
gui_wv_scrollright -id  Wave.1  line
gui_wv_scrollright -id  Wave.1  line
gui_wv_scrollright -id  Wave.1  line
gui_wv_scrollright -id  Wave.1  line
gui_wv_scrollright -id  Wave.1  line
gui_wv_scrollright -id  Wave.1  line
gui_wv_scrollright -id  Wave.1  line
gui_marker_move -id  Wave.1 C1 453000
gui_wv_scrollright -id  Wave.1  line
gui_wv_scrollright -id  Wave.1  line
gui_wv_scrollright -id  Wave.1  line
gui_wv_scrollright -id  Wave.1  line
gui_wv_scrollright -id  Wave.1  line
gui_wv_scrollright -id  Wave.1  line
gui_wv_scrollright -id  Wave.1  line
gui_wv_scrollright -id  Wave.1  line
gui_wv_scrollright -id  Wave.1  line
gui_wv_scrollright -id  Wave.1  line
gui_wv_scrollright -id  Wave.1  line
gui_marker_move -id  Wave.1 C1 549000
gui_wv_zoom_timerange -id  Wave.1 544984 551796
gui_zoom -window Wave.1 -factor 0.5
gui_zoom -window Wave.1 -factor 0.5
gui_zoom -window Wave.1 -factor 0.5
gui_zoom -window Wave.1 -factor 0.5
gui_wv_scrollright -id  Wave.1  line
gui_wv_scrollright -id  Wave.1  line
gui_wv_scrollright -id  Wave.1  line
gui_wv_scrollright -id  Wave.1  line
gui_wv_scrollright -id  Wave.1  line
gui_wv_scrollright -id  Wave.1  line
gui_wv_scrollright -id  Wave.1  line
gui_wv_scrollright -id  Wave.1  line
gui_wv_scrollright -id  Wave.1  line
gui_wv_scrollright -id  Wave.1  line
gui_wv_scrollright -id  Wave.1  line
gui_wv_scrollright -id  Wave.1  line
gui_wv_scrollright -id  Wave.1  line
gui_wv_scrollright -id  Wave.1  line
gui_wv_scrollright -id  Wave.1  line
gui_wv_scrollright -id  Wave.1  line
gui_wv_zoom_timerange -id  Wave.1 617989 638725
gui_wv_scrollright -id  Wave.1  line
gui_wv_scrollright -id  Wave.1  line
gui_wv_scrollright -id  Wave.1  line
gui_wv_scrollright -id  Wave.1  line
gui_zoom -window Wave.1 -factor 0.5
gui_zoom -window Wave.1 -factor 0.5
gui_close_window -window TopLevel.2
