16:24:46    16 -->                                                             [tcl] ucliGUI::connect -toolargs -ucligui -toolexe ./simv -pid 27253 -toolin /tmp/vcs_20201220082445_27252_eda..stdin -toolout /tmp/vcs_20201220082445_27252_eda..stdout  
16:24:46    17 -->                                                                 [tcl] set ucliGUI::state
16:24:46    18 -->                                                                     [tcl] gui_update_simulator_buttons
16:24:47    19 -->                                                                         [tcl] set ucliGUI::state
16:24:47    20 -->                                                                             [tcl] ucliCore::getToolPID
16:24:47    21 -->                                                                                 [tcl] synopsys::env hasTB
16:24:47    22 -->                                                                                     [tcl] trigger_hier_stack_context_switch 0
16:24:47    23 -->                                                                                         [tcl] synUtils::setDVEInitPhase 1
16:24:47    24 -->                                                                                             [tcl] gui_get_env SIMSETUP::SIMVPD
16:24:47    25 --> ...  [tcl] synopsys::dump -type VPD -file /home/eda/feifan/vlc_plat/PAM/recons_Senter_Receiver/Receiver/senter_syn/sim/inter.vpd -locking
16:24:47    26 --> ...      [tcl] synopsys::dump -autoflush on -fid VPD0
16:24:47    27 --> ...          [tcl] set ::dve_fid VPD0
16:24:47    28 --> ...              [tcl] synUtils::setDVEInitPhase 0
16:24:47    29 --> ...                  [tcl] ucliCore::getToolPID
16:24:47    30 --> ...                      [tcl] synUtils::sendTool -active _icl_setToolSocket /tmp/smlnpIwZDRo
16:24:47    31 --> ...                          [tcl] synUtils::sendTool -active {_icl_start_rpc -version "O-2018.09-SP2_Full64" -sync_file /tmp/vcs_dve_rpc.eda.27253}
16:24:47    32 --> ...                              [tcl] synUtils::sendTool -active {_icl_createSharedMemory /tmp/vcs_dve_general.eda.27253}
16:24:48    33 --> ...                                  [tcl] dveMisc::vbusExpand tb_senter_syn
16:24:48    34 --> ...                                      [tcl] config endofsim noexit
16:24:48    35 --> ...                                          [tcl] config onfail enable all
16:24:48    36 --> ...                                              [tcl] config syscaddplainmembers
16:24:48    37 --> ...                                                  [tcl] config syscaddsourcenames
16:24:48    38 --> ...                                                      [tcl] config syscaddstructtypes
16:24:48    39 --> ...                                                          [tcl] synopsys::listing -disable
16:24:50    40 --> ...                                                              [tcl] dveMisc::vbusExpand tb_senter_syn.uut_senter
16:24:51    41 --> ...                                                                  [tcl] dveMisc::vbusExpand tb_senter_syn.uut_syn
16:24:53    42 --> ...                                                                      [tcl] synopsys::dump -add {tb_senter_syn.uut_syn} -scope "." -depth 1 -fid VPD0
16:24:58    43 --> ...                                                                          [tcl] synopsys::run -relative 1000000.000000ps
16:24:58    44 --> ...                                                                              [tcl] set ucliGUI::state
16:24:58    45 --> ...                                                                                  [tcl] gui_update_simulator_buttons
16:24:58    46 --> ...                                                                                      [tcl] set ucliGUI::state
16:24:58    47 --> ...                                                                                          [tcl] set ucliGUI::state
16:24:58    48 --> ...                                                                                              [tcl] set ucliGUI::state
16:24:58    49 --> ...                                                                                                  [tcl] set ucliGUI::state
16:24:58    50 --> ...  [tcl] catch {senv activeDomain} dveMisc::result 
16:24:58    51 --> ...      [tcl] set dveMisc::result
16:24:58    52 --> ...          [tcl] gui_update_simulator_buttons
16:28:27    53 --> ...              [tcl] if [catch {gui_sim_terminate}] {gui_sim_terminate -kill}
16:28:27    54 --> ...                  [tcl] synopsys::finish
16:28:27    55 --> ...                      [tcl] set ucliGUI::state
16:28:27    56 --> ...                          [tcl] gui_update_simulator_buttons
16:28:27    57 --> ...                              [tcl] set ucliGUI::state
16:28:27    58 --> ...                                  [tcl] catch {senv activeDomain} dveMisc::result 
16:28:27    59 --> ...                                      [tcl] set dveMisc::result
16:28:27    60 --> ...                                          [tcl] gui_update_simulator_buttons
16:28:27    61 --> ...                                              [tcl] catch {senv activeDomain} dveMisc::result 
16:28:27    62 --> ...                                                  [tcl] set dveMisc::result
16:28:27    63 --> ...                                                      [tcl] ucli_exit
